<?xml version="1.0" encoding="utf-8" ?>
<!DOCTYPE html PUBLIC "-//W3C//DTD XHTML 1.0 Strict//EN"
        "http://www.w3.org/TR/xhtml1/DTD/xhtml1-strict.dtd">
<html xmlns="http://www.w3.org/1999/xhtml" xml:lang="" lang="">
<head>
  <title>Test Results Report - Проверка регистрации, навигации, ссылок, формы обратной связи</title>
  <meta http-equiv="Content-Type" content="text/html;charset=utf-8" />
  <meta name="description" content="TestNG unit test results." />
  <link href="reportng.css" rel="stylesheet" type="text/css" />
    <script type="text/javascript" src="reportng.js"></script>
</head>
<body>
<h1>Проверка регистрации, навигации, ссылок, формы обратной связи</h1>
<p>
  Test duration: 190,637s
</p>



  <table class="resultsTable">
    <tr><th colspan="3" class="header failed">Failed Tests</th></tr>
          <tr>
        <td colspan="3" class="group">UI_Tests.test.RegLogNavFormTests.FdmLoginTest</td>
      </tr>
            
<tr>
  <td class="method">
                  logInTest
      </td>
  <td class="duration">
    40,495s
  </td>
  <td class="result">
        
    
        

        <a href="javascript:toggleElement('exception-0', 'block')" title="Click to expand/collapse"><b>Invalid element state [By.xpath: //a[(@data-link=&quot;/personal/login_modal&quot;)]]: element click intercepted: Element &lt;a href=&quot;#&quot; class=&quot;header__user-links&quot; data-link=&quot;/personal/login_modal&quot; data-toggle=&quot;modal&quot; data-target=&quot;#auth-modal&quot; onclick=&quot;yaCounter71314582.reachGoal(&apos;vkhod_shapka&apos;); return true;&quot;&gt;...&lt;/a&gt; is not clickable at point (1221, 41). Other element would receive the click: &lt;div class=&quot;modal fade show&quot; id=&quot;select-city-modal&quot; tabindex=&quot;-1&quot; aria-labelledby=&quot;select-city-modal&quot; aria-modal=&quot;true&quot; role=&quot;dialog&quot; style=&quot;display: block;&quot;&gt;...&lt;/div&gt;<br/>
Page source: file:/C:/Users/d.kuzmichev/IdeaProjects/SelenideTestingNew/build/reports/tests/1681127431718.0.html<br/>
Timeout: 40 s.<br/>
Caused by: ElementClickInterceptedException: element click intercepted: Element &lt;a href=&quot;#&quot; class=&quot;header__user-links&quot; data-link=&quot;/personal/login_modal&quot; data-toggle=&quot;modal&quot; data-target=&quot;#auth-modal&quot; onclick=&quot;yaCounter71314582.reachGoal(&apos;vkhod_shapka&apos;); return true;&quot;&gt;...&lt;/a&gt; is not clickable at point (1221, 41). Other element would receive the click: &lt;div class=&quot;modal fade show&quot; id=&quot;select-city-modal&quot; tabindex=&quot;-1&quot; aria-labelledby=&quot;select-city-modal&quot; aria-modal=&quot;true&quot; role=&quot;dialog&quot; style=&quot;display: block;&quot;&gt;...&lt;/div&gt;</b></a><br />
    <div class="stackTrace" id="exception-0">
              com.codeborne.selenide.impl.ExceptionWrapper.wrap(ExceptionWrapper.java:26)<br />
              com.codeborne.selenide.impl.SelenideElementProxy.dispatchAndRetry(SelenideElementProxy.java:154)<br />
              com.codeborne.selenide.impl.SelenideElementProxy.invoke(SelenideElementProxy.java:84)<br />
              jdk.proxy2/jdk.proxy2.$Proxy12.click(Unknown Source)<br />
              UI_Tests.LoginAndNavigation.FdmLoginPage.clickEnter(FdmLoginPage.java:31)<br />
              UI_Tests.test.RegLogNavFormTests.FdmLoginTest.logInTest(FdmLoginTest.java:13)<br />
              java.base/jdk.internal.reflect.DirectMethodHandleAccessor.invoke(DirectMethodHandleAccessor.java:104)<br />
              java.base/java.lang.reflect.Method.invoke(Method.java:578)<br />
              org.testng.internal.invokers.MethodInvocationHelper.invokeMethod(MethodInvocationHelper.java:139)<br />
              org.testng.internal.invokers.TestInvoker.invokeMethod(TestInvoker.java:677)<br />
              org.testng.internal.invokers.TestInvoker.invokeTestMethod(TestInvoker.java:221)<br />
              org.testng.internal.invokers.MethodRunner.runInSequence(MethodRunner.java:50)<br />
              org.testng.internal.invokers.TestInvoker$MethodInvocationAgent.invoke(TestInvoker.java:969)<br />
              org.testng.internal.invokers.TestInvoker.invokeTestMethods(TestInvoker.java:194)<br />
              org.testng.internal.invokers.TestMethodWorker.invokeTestMethods(TestMethodWorker.java:148)<br />
              org.testng.internal.invokers.TestMethodWorker.run(TestMethodWorker.java:128)<br />
              java.base/java.util.concurrent.ThreadPoolExecutor.runWorker(ThreadPoolExecutor.java:1144)<br />
              java.base/java.util.concurrent.ThreadPoolExecutor$Worker.run(ThreadPoolExecutor.java:642)<br />
              java.base/java.lang.Thread.run(Thread.java:1589)<br />
                    <b>Caused by: </b> <a href="javascript:toggleElement('exception-1', 'block')" title="Click to expand/collapse">org.openqa.selenium.ElementClickInterceptedException: element click intercepted: Element &lt;a href=&quot;#&quot; class=&quot;header__user-links&quot; data-link=&quot;/personal/login_modal&quot; data-toggle=&quot;modal&quot; data-target=&quot;#auth-modal&quot; onclick=&quot;yaCounter71314582.reachGoal(&apos;vkhod_shapka&apos;); return true;&quot;&gt;...&lt;/a&gt; is not clickable at point (1221, 41). Other element would receive the click: &lt;div class=&quot;modal fade show&quot; id=&quot;select-city-modal&quot; tabindex=&quot;-1&quot; aria-labelledby=&quot;select-city-modal&quot; aria-modal=&quot;true&quot; role=&quot;dialog&quot; style=&quot;display: block;&quot;&gt;...&lt;/div&gt;<br/>
&nbsp; (Session info: chrome=111.0.5563.65)<br/>
Build info: version: &apos;4.8.1&apos;, revision: &apos;8ebccac989&apos;<br/>
System info: os.name: &apos;Windows 10&apos;, os.arch: &apos;amd64&apos;, os.version: &apos;10.0&apos;, java.version: &apos;19.0.2&apos;<br/>
Driver info: org.openqa.selenium.chrome.ChromeDriver<br/>
Command: [d00113280bdd9bf2b88b165efe3c3c83, clickElement {id=c9105e0c-73c8-49a0-ad89-5814c9cca2d9}]<br/>
Capabilities {acceptInsecureCerts: true, browserName: chrome, browserVersion: 111.0.5563.65, chrome: {chromedriverVersion: 111.0.5563.64 (c710e93d5b63..., userDataDir: C:\Users\D13CB~1.KUZ\AppDat...}, goog:chromeOptions: {debuggerAddress: localhost:59248}, networkConnectionEnabled: false, pageLoadStrategy: normal, platformName: WINDOWS, proxy: Proxy(), se:cdp: ws://localhost:59248/devtoo..., se:cdpVersion: 111.0.5563.65, setWindowRect: true, strictFileInteractability: false, timeouts: {implicit: 0, pageLoad: 300000, script: 30000}, unhandledPromptBehavior: accept, webauthn:extension:credBlob: true, webauthn:extension:largeBlob: true, webauthn:extension:minPinLength: true, webauthn:extension:prf: true, webauthn:virtualAuthenticators: true}<br/>
Element: [[ChromeDriver: chrome on WINDOWS (d00113280bdd9bf2b88b165efe3c3c83)] -&gt; xpath: //a[(@data-link=&quot;/personal/login_modal&quot;)]]<br/>
Session ID: d00113280bdd9bf2b88b165efe3c3c83</a><br />
        <div class="stackTrace" id="exception-1">
                      java.base/jdk.internal.reflect.DirectConstructorHandleAccessor.newInstance(DirectConstructorHandleAccessor.java:67)<br />
                      java.base/java.lang.reflect.Constructor.newInstanceWithCaller(Constructor.java:500)<br />
                      java.base/java.lang.reflect.Constructor.newInstance(Constructor.java:484)<br />
                      org.openqa.selenium.remote.codec.w3c.W3CHttpResponseCodec.createException(W3CHttpResponseCodec.java:200)<br />
                      org.openqa.selenium.remote.codec.w3c.W3CHttpResponseCodec.decode(W3CHttpResponseCodec.java:133)<br />
                      org.openqa.selenium.remote.codec.w3c.W3CHttpResponseCodec.decode(W3CHttpResponseCodec.java:53)<br />
                      org.openqa.selenium.remote.HttpCommandExecutor.execute(HttpCommandExecutor.java:184)<br />
                      org.openqa.selenium.remote.service.DriverCommandExecutor.invokeExecute(DriverCommandExecutor.java:167)<br />
                      org.openqa.selenium.remote.service.DriverCommandExecutor.execute(DriverCommandExecutor.java:142)<br />
                      org.openqa.selenium.remote.RemoteWebDriver.execute(RemoteWebDriver.java:543)<br />
                      org.openqa.selenium.remote.RemoteWebElement.execute(RemoteWebElement.java:257)<br />
                      org.openqa.selenium.remote.RemoteWebElement.click(RemoteWebElement.java:78)<br />
                      com.codeborne.selenide.commands.Click.defaultClick(Click.java:97)<br />
                      com.codeborne.selenide.commands.Click.click(Click.java:54)<br />
                      com.codeborne.selenide.commands.Click.execute(Click.java:31)<br />
                      com.codeborne.selenide.commands.Click.execute(Click.java:21)<br />
                      com.codeborne.selenide.commands.Commands.execute(Commands.java:159)<br />
                      com.codeborne.selenide.impl.SelenideElementProxy.dispatchAndRetry(SelenideElementProxy.java:132)<br />
                      com.codeborne.selenide.impl.SelenideElementProxy.invoke(SelenideElementProxy.java:84)<br />
                      jdk.proxy2/jdk.proxy2.$Proxy12.click(Unknown Source)<br />
                      UI_Tests.LoginAndNavigation.FdmLoginPage.clickEnter(FdmLoginPage.java:31)<br />
                      UI_Tests.test.RegLogNavFormTests.FdmLoginTest.logInTest(FdmLoginTest.java:13)<br />
                      java.base/jdk.internal.reflect.DirectMethodHandleAccessor.invoke(DirectMethodHandleAccessor.java:104)<br />
                      java.base/java.lang.reflect.Method.invoke(Method.java:578)<br />
                      org.testng.internal.invokers.MethodInvocationHelper.invokeMethod(MethodInvocationHelper.java:139)<br />
                      org.testng.internal.invokers.TestInvoker.invokeMethod(TestInvoker.java:677)<br />
                      org.testng.internal.invokers.TestInvoker.invokeTestMethod(TestInvoker.java:221)<br />
                      org.testng.internal.invokers.MethodRunner.runInSequence(MethodRunner.java:50)<br />
                      org.testng.internal.invokers.TestInvoker$MethodInvocationAgent.invoke(TestInvoker.java:969)<br />
                      org.testng.internal.invokers.TestInvoker.invokeTestMethods(TestInvoker.java:194)<br />
                      org.testng.internal.invokers.TestMethodWorker.invokeTestMethods(TestMethodWorker.java:148)<br />
                      org.testng.internal.invokers.TestMethodWorker.run(TestMethodWorker.java:128)<br />
                      java.base/java.util.concurrent.ThreadPoolExecutor.runWorker(ThreadPoolExecutor.java:1144)<br />
                      java.base/java.util.concurrent.ThreadPoolExecutor$Worker.run(ThreadPoolExecutor.java:642)<br />
                      java.base/java.lang.Thread.run(Thread.java:1589)<br />
                  </div>
          </div>
      </td>
</tr>
      </table>


  <table class="resultsTable">
    <tr><th colspan="3" class="header passed">Passed Tests</th></tr>
          <tr>
        <td colspan="3" class="group">UI_Tests.test.RegLogNavFormTests.FdmFeedBackFormTest</td>
      </tr>
            
<tr>
  <td class="method">
                  fdmFeedBackFormTest
      </td>
  <td class="duration">
    3,542s
  </td>
  <td class="result">
        
    
        

      </td>
</tr>
          <tr>
        <td colspan="3" class="group">UI_Tests.test.RegLogNavFormTests.FdmLinksTest</td>
      </tr>
            
<tr>
  <td class="method">
                  fdmLinksTest
      </td>
  <td class="duration">
    4,538s
  </td>
  <td class="result">
        
    
        

      </td>
</tr>
          <tr>
        <td colspan="3" class="group">UI_Tests.test.RegLogNavFormTests.FdmNavigationTest</td>
      </tr>
            
<tr>
  <td class="method">
                  fdmNavigationTest
      </td>
  <td class="duration">
    11,529s
  </td>
  <td class="result">
        
    
        

      </td>
</tr>
          <tr>
        <td colspan="3" class="group">UI_Tests.test.RegLogNavFormTests.FdmRegistrationTest</td>
      </tr>
            
<tr>
  <td class="method">
                  fdmRegistrationTest
      </td>
  <td class="duration">
    1,184s
  </td>
  <td class="result">
        
    
        

      </td>
</tr>
      </table>
  
</body>
</html>
