<?xml version="1.0" encoding="utf-8" ?>
<!DOCTYPE html PUBLIC "-//W3C//DTD XHTML 1.0 Strict//EN"
        "http://www.w3.org/TR/xhtml1/DTD/xhtml1-strict.dtd">
<html xmlns="http://www.w3.org/1999/xhtml" xml:lang="" lang="">
<head>
  <title>Test Results Report - Навигация на сайте и ссылки</title>
  <meta http-equiv="Content-Type" content="text/html;charset=utf-8" />
  <meta name="description" content="TestNG unit test results." />
  <link href="reportng.css" rel="stylesheet" type="text/css" />
    <script type="text/javascript" src="reportng.js"></script>
</head>
<body>
<h1>Навигация на сайте и ссылки</h1>
<p>
  Test duration: 50,331s
</p>



  <table class="resultsTable">
    <tr><th colspan="3" class="header failed">Failed Tests</th></tr>
          <tr>
        <td colspan="3" class="group">UI_Tests.test.RegLogNavFormTests.FdmNavigationTest</td>
      </tr>
            
<tr>
  <td class="method">
                  fdmNavigationTest
      </td>
  <td class="duration">
    40,923s
  </td>
  <td class="result">
        
    
        

        <a href="javascript:toggleElement('exception-0', 'block')" title="Click to expand/collapse"><b>Invalid element state [By.xpath: //a[(@class=&quot;header__link nav__link nav__link--arrow &quot;)]]: element click intercepted: Element &lt;a href=&quot;/main/factory/select-factory/&quot; class=&quot;header__link nav__link nav__link--arrow &quot;&gt;...&lt;/a&gt; is not clickable at point (782, 42). Other element would receive the click: &lt;div class=&quot;modal-body form-container&quot;&gt;...&lt;/div&gt;<br/>
Page source: file:/C:/Users/d.kuzmichev/IdeaProjects/SelenideTestingNew/build/reports/tests/1681213037595.0.html<br/>
Timeout: 40 s.<br/>
Caused by: ElementClickInterceptedException: element click intercepted: Element &lt;a href=&quot;/main/factory/select-factory/&quot; class=&quot;header__link nav__link nav__link--arrow &quot;&gt;...&lt;/a&gt; is not clickable at point (782, 42). Other element would receive the click: &lt;div class=&quot;modal-body form-container&quot;&gt;...&lt;/div&gt;</b></a><br />
    <div class="stackTrace" id="exception-0">
              com.codeborne.selenide.impl.ExceptionWrapper.wrap(ExceptionWrapper.java:26)<br />
              com.codeborne.selenide.impl.SelenideElementProxy.dispatchAndRetry(SelenideElementProxy.java:154)<br />
              com.codeborne.selenide.impl.SelenideElementProxy.invoke(SelenideElementProxy.java:84)<br />
              jdk.proxy2/jdk.proxy2.$Proxy12.click(Unknown Source)<br />
              UI_Tests.LoginAndNavigation.FdmLoginPage.catalogClick(FdmLoginPage.java:29)<br />
              UI_Tests.test.RegLogNavFormTests.FdmNavigationTest.fdmNavigationTest(FdmNavigationTest.java:13)<br />
              java.base/jdk.internal.reflect.DirectMethodHandleAccessor.invoke(DirectMethodHandleAccessor.java:104)<br />
              java.base/java.lang.reflect.Method.invoke(Method.java:578)<br />
              org.testng.internal.invokers.MethodInvocationHelper.invokeMethod(MethodInvocationHelper.java:139)<br />
              org.testng.internal.invokers.TestInvoker.invokeMethod(TestInvoker.java:677)<br />
              org.testng.internal.invokers.TestInvoker.invokeTestMethod(TestInvoker.java:221)<br />
              org.testng.internal.invokers.MethodRunner.runInSequence(MethodRunner.java:50)<br />
              org.testng.internal.invokers.TestInvoker$MethodInvocationAgent.invoke(TestInvoker.java:969)<br />
              org.testng.internal.invokers.TestInvoker.invokeTestMethods(TestInvoker.java:194)<br />
              org.testng.internal.invokers.TestMethodWorker.invokeTestMethods(TestMethodWorker.java:148)<br />
              org.testng.internal.invokers.TestMethodWorker.run(TestMethodWorker.java:128)<br />
              java.base/java.util.ArrayList.forEach(ArrayList.java:1511)<br />
              org.testng.TestRunner.privateRun(TestRunner.java:829)<br />
              org.testng.TestRunner.run(TestRunner.java:602)<br />
              org.testng.SuiteRunner.runTest(SuiteRunner.java:437)<br />
              org.testng.SuiteRunner$SuiteWorker.run(SuiteRunner.java:475)<br />
              org.testng.internal.thread.ThreadUtil.lambda$execute$0(ThreadUtil.java:58)<br />
              java.base/java.util.concurrent.FutureTask.run(FutureTask.java:317)<br />
              java.base/java.util.concurrent.ThreadPoolExecutor.runWorker(ThreadPoolExecutor.java:1144)<br />
              java.base/java.util.concurrent.ThreadPoolExecutor$Worker.run(ThreadPoolExecutor.java:642)<br />
              java.base/java.lang.Thread.run(Thread.java:1589)<br />
                    <b>Caused by: </b> <a href="javascript:toggleElement('exception-1', 'block')" title="Click to expand/collapse">org.openqa.selenium.ElementClickInterceptedException: element click intercepted: Element &lt;a href=&quot;/main/factory/select-factory/&quot; class=&quot;header__link nav__link nav__link--arrow &quot;&gt;...&lt;/a&gt; is not clickable at point (782, 42). Other element would receive the click: &lt;div class=&quot;modal-body form-container&quot;&gt;...&lt;/div&gt;<br/>
&nbsp; (Session info: chrome=111.0.5563.65)<br/>
Build info: version: &apos;4.8.1&apos;, revision: &apos;8ebccac989&apos;<br/>
System info: os.name: &apos;Windows 10&apos;, os.arch: &apos;amd64&apos;, os.version: &apos;10.0&apos;, java.version: &apos;19.0.2&apos;<br/>
Driver info: org.openqa.selenium.chrome.ChromeDriver<br/>
Command: [21fc779fe74d662a31e442bfba2e588a, clickElement {id=3f8afa40-0364-4926-a3c5-6f678c44effa}]<br/>
Capabilities {acceptInsecureCerts: true, browserName: chrome, browserVersion: 111.0.5563.65, chrome: {chromedriverVersion: 111.0.5563.64 (c710e93d5b63..., userDataDir: C:\Users\D13CB~1.KUZ\AppDat...}, goog:chromeOptions: {debuggerAddress: localhost:52220}, networkConnectionEnabled: false, pageLoadStrategy: normal, platformName: WINDOWS, proxy: Proxy(), se:cdp: ws://localhost:52220/devtoo..., se:cdpVersion: 111.0.5563.65, setWindowRect: true, strictFileInteractability: false, timeouts: {implicit: 0, pageLoad: 300000, script: 30000}, unhandledPromptBehavior: accept, webauthn:extension:credBlob: true, webauthn:extension:largeBlob: true, webauthn:extension:minPinLength: true, webauthn:extension:prf: true, webauthn:virtualAuthenticators: true}<br/>
Element: [[ChromeDriver: chrome on WINDOWS (21fc779fe74d662a31e442bfba2e588a)] -&gt; xpath: //a[(@class=&quot;header__link nav__link nav__link--arrow &quot;)]]<br/>
Session ID: 21fc779fe74d662a31e442bfba2e588a</a><br />
        <div class="stackTrace" id="exception-1">
                      java.base/jdk.internal.reflect.DirectConstructorHandleAccessor.newInstance(DirectConstructorHandleAccessor.java:67)<br />
                      java.base/java.lang.reflect.Constructor.newInstanceWithCaller(Constructor.java:500)<br />
                      java.base/java.lang.reflect.Constructor.newInstance(Constructor.java:484)<br />
                      org.openqa.selenium.remote.codec.w3c.W3CHttpResponseCodec.createException(W3CHttpResponseCodec.java:200)<br />
                      org.openqa.selenium.remote.codec.w3c.W3CHttpResponseCodec.decode(W3CHttpResponseCodec.java:133)<br />
                      org.openqa.selenium.remote.codec.w3c.W3CHttpResponseCodec.decode(W3CHttpResponseCodec.java:53)<br />
                      org.openqa.selenium.remote.HttpCommandExecutor.execute(HttpCommandExecutor.java:184)<br />
                      org.openqa.selenium.remote.service.DriverCommandExecutor.invokeExecute(DriverCommandExecutor.java:167)<br />
                      org.openqa.selenium.remote.service.DriverCommandExecutor.execute(DriverCommandExecutor.java:142)<br />
                      org.openqa.selenium.remote.RemoteWebDriver.execute(RemoteWebDriver.java:543)<br />
                      org.openqa.selenium.remote.RemoteWebElement.execute(RemoteWebElement.java:257)<br />
                      org.openqa.selenium.remote.RemoteWebElement.click(RemoteWebElement.java:78)<br />
                      com.codeborne.selenide.commands.Click.defaultClick(Click.java:97)<br />
                      com.codeborne.selenide.commands.Click.click(Click.java:54)<br />
                      com.codeborne.selenide.commands.Click.execute(Click.java:31)<br />
                      com.codeborne.selenide.commands.Click.execute(Click.java:21)<br />
                      com.codeborne.selenide.commands.Commands.execute(Commands.java:159)<br />
                      com.codeborne.selenide.impl.SelenideElementProxy.dispatchAndRetry(SelenideElementProxy.java:132)<br />
                      com.codeborne.selenide.impl.SelenideElementProxy.invoke(SelenideElementProxy.java:84)<br />
                      jdk.proxy2/jdk.proxy2.$Proxy12.click(Unknown Source)<br />
                      UI_Tests.LoginAndNavigation.FdmLoginPage.catalogClick(FdmLoginPage.java:29)<br />
                      UI_Tests.test.RegLogNavFormTests.FdmNavigationTest.fdmNavigationTest(FdmNavigationTest.java:13)<br />
                      java.base/jdk.internal.reflect.DirectMethodHandleAccessor.invoke(DirectMethodHandleAccessor.java:104)<br />
                      java.base/java.lang.reflect.Method.invoke(Method.java:578)<br />
                      org.testng.internal.invokers.MethodInvocationHelper.invokeMethod(MethodInvocationHelper.java:139)<br />
                      org.testng.internal.invokers.TestInvoker.invokeMethod(TestInvoker.java:677)<br />
                      org.testng.internal.invokers.TestInvoker.invokeTestMethod(TestInvoker.java:221)<br />
                      org.testng.internal.invokers.MethodRunner.runInSequence(MethodRunner.java:50)<br />
                      org.testng.internal.invokers.TestInvoker$MethodInvocationAgent.invoke(TestInvoker.java:969)<br />
                      org.testng.internal.invokers.TestInvoker.invokeTestMethods(TestInvoker.java:194)<br />
                      org.testng.internal.invokers.TestMethodWorker.invokeTestMethods(TestMethodWorker.java:148)<br />
                      org.testng.internal.invokers.TestMethodWorker.run(TestMethodWorker.java:128)<br />
                      java.base/java.util.ArrayList.forEach(ArrayList.java:1511)<br />
                      org.testng.TestRunner.privateRun(TestRunner.java:829)<br />
                      org.testng.TestRunner.run(TestRunner.java:602)<br />
                      org.testng.SuiteRunner.runTest(SuiteRunner.java:437)<br />
                      org.testng.SuiteRunner$SuiteWorker.run(SuiteRunner.java:475)<br />
                      org.testng.internal.thread.ThreadUtil.lambda$execute$0(ThreadUtil.java:58)<br />
                      java.base/java.util.concurrent.FutureTask.run(FutureTask.java:317)<br />
                      java.base/java.util.concurrent.ThreadPoolExecutor.runWorker(ThreadPoolExecutor.java:1144)<br />
                      java.base/java.util.concurrent.ThreadPoolExecutor$Worker.run(ThreadPoolExecutor.java:642)<br />
                      java.base/java.lang.Thread.run(Thread.java:1589)<br />
                  </div>
          </div>
      </td>
</tr>
      </table>


  <table class="resultsTable">
    <tr><th colspan="3" class="header passed">Passed Tests</th></tr>
          <tr>
        <td colspan="3" class="group">UI_Tests.test.RegLogNavFormTests.FdmLinksTest</td>
      </tr>
            
<tr>
  <td class="method">
                  fdmLinksTest
      </td>
  <td class="duration">
    3,294s
  </td>
  <td class="result">
        
    
        

      </td>
</tr>
      </table>
  
</body>
</html>
