<?xml version="1.0" encoding="UTF-8"?>
<testsuite name="SelenideTestingNew"
           tests="1"
           failures="1"
           errors="0"
           skipped="0"
           time="70,288">
  <properties />
            <testcase name="kedrPlasticTest" time="70,288" classname="UI_Tests.test.KedrCompany.KedrFacadePlasticTest">
                <failure type="com.codeborne.selenide.ex.UIAssertionError"
                  message="TimeoutException: timeout: Timed out receiving message from renderer: 30.000
Page source: file:/C:/Users/d.kuzmichev/IdeaProjects/SelenideTestingNew/build/reports/tests/1681135615736.0.html
Timeout: 50 s.
Caused by: TimeoutException: timeout: Timed out receiving message from renderer: 30.000"
              >
<![CDATA[TimeoutException: timeout: Timed out receiving message from renderer: 30.000
Page source: file:/C:/Users/d.kuzmichev/IdeaProjects/SelenideTestingNew/build/reports/tests/1681135615736.0.html
Timeout: 50 s.
Caused by: TimeoutException: timeout: Timed out receiving message from renderer: 30.000
  com.codeborne.selenide.ex.UIAssertionError.wrapToUIAssertionError(UIAssertionError.java:125)
  com.codeborne.selenide.ex.UIAssertionError.wrapThrowable(UIAssertionError.java:108)
  com.codeborne.selenide.ex.UIAssertionError.wrap(UIAssertionError.java:102)
  com.codeborne.selenide.impl.SelenideElementProxy.invoke(SelenideElementProxy.java:94)
  jdk.proxy2/jdk.proxy2.$Proxy12.click(Unknown Source)
  UI_Tests.CatalogFactories.KedrCompany.straightFacade.KedrFacadePlastic.goToBasketClick(KedrFacadePlastic.java:94)
  UI_Tests.test.KedrCompany.KedrFacadePlasticTest.kedrPlasticTest(KedrFacadePlasticTest.java:32)
  java.base/jdk.internal.reflect.DirectMethodHandleAccessor.invoke(DirectMethodHandleAccessor.java:104)
  java.base/java.lang.reflect.Method.invoke(Method.java:578)
  org.testng.internal.invokers.MethodInvocationHelper.invokeMethod(MethodInvocationHelper.java:139)
  org.testng.internal.invokers.TestInvoker.invokeMethod(TestInvoker.java:677)
  org.testng.internal.invokers.TestInvoker.invokeTestMethod(TestInvoker.java:221)
  org.testng.internal.invokers.MethodRunner.runInSequence(MethodRunner.java:50)
  org.testng.internal.invokers.TestInvoker$MethodInvocationAgent.invoke(TestInvoker.java:969)
  org.testng.internal.invokers.TestInvoker.invokeTestMethods(TestInvoker.java:194)
  org.testng.internal.invokers.TestMethodWorker.invokeTestMethods(TestMethodWorker.java:148)
  org.testng.internal.invokers.TestMethodWorker.run(TestMethodWorker.java:128)
  java.base/java.util.ArrayList.forEach(ArrayList.java:1511)
  org.testng.TestRunner.privateRun(TestRunner.java:829)
  org.testng.TestRunner.run(TestRunner.java:602)
  org.testng.SuiteRunner.runTest(SuiteRunner.java:437)
  org.testng.SuiteRunner.runSequentially(SuiteRunner.java:431)
  org.testng.SuiteRunner.privateRun(SuiteRunner.java:391)
  org.testng.SuiteRunner.run(SuiteRunner.java:330)
  org.testng.SuiteRunnerWorker.runSuite(SuiteRunnerWorker.java:52)
  org.testng.SuiteRunnerWorker.run(SuiteRunnerWorker.java:95)
  org.testng.TestNG.runSuitesSequentially(TestNG.java:1256)
  org.testng.TestNG.runSuitesLocally(TestNG.java:1176)
  org.testng.TestNG.runSuites(TestNG.java:1099)
  org.testng.TestNG.run(TestNG.java:1067)
  com.intellij.rt.testng.IDEARemoteTestNG.run(IDEARemoteTestNG.java:66)
  com.intellij.rt.testng.RemoteTestNGStarter.main(RemoteTestNGStarter.java:109)
Caused by: org.openqa.selenium.TimeoutException: timeout: Timed out receiving message from renderer: 30.000
  (Session info: chrome=111.0.5563.65)
Build info: version: '4.8.1', revision: '8ebccac989'
System info: os.name: 'Windows 10', os.arch: 'amd64', os.version: '10.0', java.version: '19.0.2'
Driver info: org.openqa.selenium.chrome.ChromeDriver
Command: [80d227e1012fdcb60887c440b60969a3, clickElement {id=c01db930-2c35-45d7-856d-f02338733412}]
Capabilities {acceptInsecureCerts: true, browserName: chrome, browserVersion: 111.0.5563.65, chrome: {chromedriverVersion: 111.0.5563.64 (c710e93d5b63..., userDataDir: C:\Users\D13CB~1.KUZ\AppDat...}, goog:chromeOptions: {debuggerAddress: localhost:63028}, networkConnectionEnabled: false, pageLoadStrategy: normal, platformName: WINDOWS, proxy: Proxy(), se:cdp: ws://localhost:63028/devtoo..., se:cdpVersion: 111.0.5563.65, setWindowRect: true, strictFileInteractability: false, timeouts: {implicit: 0, pageLoad: 300000, script: 30000}, unhandledPromptBehavior: accept, webauthn:extension:credBlob: true, webauthn:extension:largeBlob: true, webauthn:extension:minPinLength: true, webauthn:extension:prf: true, webauthn:virtualAuthenticators: true}
Element: [[ChromeDriver: chrome on WINDOWS (80d227e1012fdcb60887c440b60969a3)] -> xpath: //a[(@class="btn btn-lg btn-success w-100 in-basket mb-4")]]
Session ID: 80d227e1012fdcb60887c440b60969a3
  java.base/jdk.internal.reflect.DirectConstructorHandleAccessor.newInstance(DirectConstructorHandleAccessor.java:67)
  java.base/java.lang.reflect.Constructor.newInstanceWithCaller(Constructor.java:500)
  java.base/java.lang.reflect.Constructor.newInstance(Constructor.java:484)
  org.openqa.selenium.remote.codec.w3c.W3CHttpResponseCodec.createException(W3CHttpResponseCodec.java:200)
  org.openqa.selenium.remote.codec.w3c.W3CHttpResponseCodec.decode(W3CHttpResponseCodec.java:133)
  org.openqa.selenium.remote.codec.w3c.W3CHttpResponseCodec.decode(W3CHttpResponseCodec.java:53)
  org.openqa.selenium.remote.HttpCommandExecutor.execute(HttpCommandExecutor.java:184)
  org.openqa.selenium.remote.service.DriverCommandExecutor.invokeExecute(DriverCommandExecutor.java:167)
  org.openqa.selenium.remote.service.DriverCommandExecutor.execute(DriverCommandExecutor.java:142)
  org.openqa.selenium.remote.RemoteWebDriver.execute(RemoteWebDriver.java:543)
  org.openqa.selenium.remote.RemoteWebElement.execute(RemoteWebElement.java:257)
  org.openqa.selenium.remote.RemoteWebElement.click(RemoteWebElement.java:78)
  com.codeborne.selenide.commands.Click.defaultClick(Click.java:97)
  com.codeborne.selenide.commands.Click.click(Click.java:54)
  com.codeborne.selenide.commands.Click.execute(Click.java:31)
  com.codeborne.selenide.commands.Click.execute(Click.java:21)
  com.codeborne.selenide.commands.Commands.execute(Commands.java:159)
  com.codeborne.selenide.impl.SelenideElementProxy.dispatchAndRetry(SelenideElementProxy.java:132)
  com.codeborne.selenide.impl.SelenideElementProxy.invoke(SelenideElementProxy.java:84)
  jdk.proxy2/jdk.proxy2.$Proxy12.click(Unknown Source)
  UI_Tests.CatalogFactories.KedrCompany.straightFacade.KedrFacadePlastic.goToBasketClick(KedrFacadePlastic.java:94)
  UI_Tests.test.KedrCompany.KedrFacadePlasticTest.kedrPlasticTest(KedrFacadePlasticTest.java:32)
  java.base/jdk.internal.reflect.DirectMethodHandleAccessor.invoke(DirectMethodHandleAccessor.java:104)
  java.base/java.lang.reflect.Method.invoke(Method.java:578)
  org.testng.internal.invokers.MethodInvocationHelper.invokeMethod(MethodInvocationHelper.java:139)
  org.testng.internal.invokers.TestInvoker.invokeMethod(TestInvoker.java:677)
  org.testng.internal.invokers.TestInvoker.invokeTestMethod(TestInvoker.java:221)
  org.testng.internal.invokers.MethodRunner.runInSequence(MethodRunner.java:50)
  org.testng.internal.invokers.TestInvoker$MethodInvocationAgent.invoke(TestInvoker.java:969)
  org.testng.internal.invokers.TestInvoker.invokeTestMethods(TestInvoker.java:194)
  org.testng.internal.invokers.TestMethodWorker.invokeTestMethods(TestMethodWorker.java:148)
  org.testng.internal.invokers.TestMethodWorker.run(TestMethodWorker.java:128)
  java.base/java.util.ArrayList.forEach(ArrayList.java:1511)
  org.testng.TestRunner.privateRun(TestRunner.java:829)
  org.testng.TestRunner.run(TestRunner.java:602)
  org.testng.SuiteRunner.runTest(SuiteRunner.java:437)
  org.testng.SuiteRunner.runSequentially(SuiteRunner.java:431)
  org.testng.SuiteRunner.privateRun(SuiteRunner.java:391)
  org.testng.SuiteRunner.run(SuiteRunner.java:330)
  org.testng.SuiteRunnerWorker.runSuite(SuiteRunnerWorker.java:52)
  org.testng.SuiteRunnerWorker.run(SuiteRunnerWorker.java:95)
  org.testng.TestNG.runSuitesSequentially(TestNG.java:1256)
  org.testng.TestNG.runSuitesLocally(TestNG.java:1176)
  org.testng.TestNG.runSuites(TestNG.java:1099)
  org.testng.TestNG.run(TestNG.java:1067)
  com.intellij.rt.testng.IDEARemoteTestNG.run(IDEARemoteTestNG.java:66)
  com.intellij.rt.testng.RemoteTestNGStarter.main(RemoteTestNGStarter.java:109)
]]>
      </failure>

          </testcase>
  
  
  
</testsuite>
