<?xml version="1.0" encoding="UTF-8"?>
<testsuite name="Проверка оформления заказов по компании Кедр"
           tests="1"
           failures="1"
           errors="0"
           skipped="0"
           time="90,972">
  <properties />
            <testcase name="kedrAluminiumColorTest" time="90,972" classname="UI_Tests.test.KedrCompany.KedrFacadeAluminiumTest">
                <failure type="com.codeborne.selenide.ex.ElementShould"
                  message="Element should be interactable {By.xpath: //*[@id=&quot;exampleModal&quot;]/div/form/div/div[3]/button[2]}
Element: &apos;&lt;button class=&quot;btn btn-primary&quot; type=&quot;submit&quot; displayed:false&gt;&lt;/button&gt;&apos;
Actual value: hidden, opacity=1
Page source: file:/C:/Users/d.kuzmichev/IdeaProjects/SelenideTestingNew/build/reports/tests/1681134457982.4.html
Timeout: 50 s."
              >
<![CDATA[Element should be interactable {By.xpath: //*[@id="exampleModal"]/div/form/div/div[3]/button[2]}
Element: '<button class="btn btn-primary" type="submit" displayed:false></button>'
Actual value: hidden, opacity=1
Page source: file:/C:/Users/d.kuzmichev/IdeaProjects/SelenideTestingNew/build/reports/tests/1681134457982.4.html
Timeout: 50 s.
  com.codeborne.selenide.impl.WebElementSource.handleError(WebElementSource.java:146)
  com.codeborne.selenide.impl.WebElementSource.checkConditionAndReturnElement(WebElementSource.java:124)
  com.codeborne.selenide.impl.WebElementSource.findAndAssertElementIsInteractable(WebElementSource.java:158)
  com.codeborne.selenide.commands.Click.findElement(Click.java:46)
  com.codeborne.selenide.commands.Click.execute(Click.java:28)
  com.codeborne.selenide.commands.Click.execute(Click.java:21)
  com.codeborne.selenide.commands.Commands.execute(Commands.java:159)
  com.codeborne.selenide.impl.SelenideElementProxy.dispatchAndRetry(SelenideElementProxy.java:132)
  com.codeborne.selenide.impl.SelenideElementProxy.invoke(SelenideElementProxy.java:84)
  jdk.proxy2/jdk.proxy2.$Proxy12.click(Unknown Source)
  UI_Tests.CatalogFactories.KedrCompany.straightFacade.KedrAluminiumColor.continue1Click(KedrAluminiumColor.java:62)
  UI_Tests.test.KedrCompany.KedrFacadeAluminiumTest.kedrAluminiumColorTest(KedrFacadeAluminiumTest.java:26)
  java.base/jdk.internal.reflect.DirectMethodHandleAccessor.invoke(DirectMethodHandleAccessor.java:104)
  java.base/java.lang.reflect.Method.invoke(Method.java:578)
  org.testng.internal.invokers.MethodInvocationHelper.invokeMethod(MethodInvocationHelper.java:139)
  org.testng.internal.invokers.TestInvoker.invokeMethod(TestInvoker.java:677)
  org.testng.internal.invokers.TestInvoker.invokeTestMethod(TestInvoker.java:221)
  org.testng.internal.invokers.MethodRunner.runInSequence(MethodRunner.java:50)
  org.testng.internal.invokers.TestInvoker$MethodInvocationAgent.invoke(TestInvoker.java:969)
  org.testng.internal.invokers.TestInvoker.invokeTestMethods(TestInvoker.java:194)
  org.testng.internal.invokers.TestMethodWorker.invokeTestMethods(TestMethodWorker.java:148)
  org.testng.internal.invokers.TestMethodWorker.run(TestMethodWorker.java:128)
  java.base/java.util.concurrent.ThreadPoolExecutor.runWorker(ThreadPoolExecutor.java:1144)
  java.base/java.util.concurrent.ThreadPoolExecutor$Worker.run(ThreadPoolExecutor.java:642)
  java.base/java.lang.Thread.run(Thread.java:1589)
]]>
      </failure>

          </testcase>
  
  
  
</testsuite>
