<?xml version="1.0" encoding="UTF-8"?>
<testsuite name="SelenideTestingNew"
           tests="1"
           failures="1"
           errors="0"
           skipped="0"
           time="50,052">
  <properties />
            <testcase name="kedrAluminiumSilverTest" time="50,052" classname="UI_Tests.test.KedrCompany.KedrAluminiumSilverTest">
                <failure type="com.codeborne.selenide.ex.ElementShould"
                  message="Element should be interactable {By.xpath: //*[@id=&quot;exampleModal&quot;]/div/form/div/div[3]/button[2]}
Element: &apos;&lt;button class=&quot;btn btn-primary&quot; type=&quot;submit&quot; displayed:false&gt;&lt;/button&gt;&apos;
Actual value: hidden, opacity=1
Page source: file:/C:/Users/d.kuzmichev/IdeaProjects/SelenideTestingNew/build/reports/tests/1681195764085.0.html
Timeout: 40 s."
              >
<![CDATA[Element should be interactable {By.xpath: //*[@id="exampleModal"]/div/form/div/div[3]/button[2]}
Element: '<button class="btn btn-primary" type="submit" displayed:false></button>'
Actual value: hidden, opacity=1
Page source: file:/C:/Users/d.kuzmichev/IdeaProjects/SelenideTestingNew/build/reports/tests/1681195764085.0.html
Timeout: 40 s.
  com.codeborne.selenide.impl.WebElementSource.handleError(WebElementSource.java:146)
  com.codeborne.selenide.impl.WebElementSource.checkConditionAndReturnElement(WebElementSource.java:124)
  com.codeborne.selenide.impl.WebElementSource.findAndAssertElementIsInteractable(WebElementSource.java:158)
  com.codeborne.selenide.commands.Click.findElement(Click.java:46)
  com.codeborne.selenide.commands.Click.execute(Click.java:28)
  com.codeborne.selenide.commands.Click.execute(Click.java:21)
  com.codeborne.selenide.commands.Commands.execute(Commands.java:159)
  com.codeborne.selenide.impl.SelenideElementProxy.dispatchAndRetry(SelenideElementProxy.java:132)
  com.codeborne.selenide.impl.SelenideElementProxy.invoke(SelenideElementProxy.java:84)
  jdk.proxy2/jdk.proxy2.$Proxy12.click(Unknown Source)
  UI_Tests.CatalogFactories.KedrCompany.straightFacade.KedrAluminiumSilver.continue1Click(KedrAluminiumSilver.java:64)
  UI_Tests.test.KedrCompany.KedrAluminiumSilverTest.kedrAluminiumSilverTest(KedrAluminiumSilverTest.java:27)
  java.base/jdk.internal.reflect.DirectMethodHandleAccessor.invoke(DirectMethodHandleAccessor.java:104)
  java.base/java.lang.reflect.Method.invoke(Method.java:578)
  org.testng.internal.invokers.MethodInvocationHelper.invokeMethod(MethodInvocationHelper.java:139)
  org.testng.internal.invokers.TestInvoker.invokeMethod(TestInvoker.java:677)
  org.testng.internal.invokers.TestInvoker.invokeTestMethod(TestInvoker.java:221)
  org.testng.internal.invokers.MethodRunner.runInSequence(MethodRunner.java:50)
  org.testng.internal.invokers.TestInvoker$MethodInvocationAgent.invoke(TestInvoker.java:969)
  org.testng.internal.invokers.TestInvoker.invokeTestMethods(TestInvoker.java:194)
  org.testng.internal.invokers.TestMethodWorker.invokeTestMethods(TestMethodWorker.java:148)
  org.testng.internal.invokers.TestMethodWorker.run(TestMethodWorker.java:128)
  java.base/java.util.ArrayList.forEach(ArrayList.java:1511)
  org.testng.TestRunner.privateRun(TestRunner.java:829)
  org.testng.TestRunner.run(TestRunner.java:602)
  org.testng.SuiteRunner.runTest(SuiteRunner.java:437)
  org.testng.SuiteRunner.runSequentially(SuiteRunner.java:431)
  org.testng.SuiteRunner.privateRun(SuiteRunner.java:391)
  org.testng.SuiteRunner.run(SuiteRunner.java:330)
  org.testng.SuiteRunnerWorker.runSuite(SuiteRunnerWorker.java:52)
  org.testng.SuiteRunnerWorker.run(SuiteRunnerWorker.java:95)
  org.testng.TestNG.runSuitesSequentially(TestNG.java:1256)
  org.testng.TestNG.runSuitesLocally(TestNG.java:1176)
  org.testng.TestNG.runSuites(TestNG.java:1099)
  org.testng.TestNG.run(TestNG.java:1067)
  com.intellij.rt.testng.IDEARemoteTestNG.run(IDEARemoteTestNG.java:66)
  com.intellij.rt.testng.RemoteTestNGStarter.main(RemoteTestNGStarter.java:109)
]]>
      </failure>

          </testcase>
  
  
  
</testsuite>
